[backblue.gif]
[fade.gif]
[index.html]
[bengkeltop24jam.id/hazard.png]
[bengkeltop24jam.id/electric-motor.png]
[bengkeltop24jam.id/quantum-computing.png]
[bengkeltop24jam.id/car-battery.png]
[bengkeltop24jam.id/car-engine.png]
[bengkeltop24jam.id/chassis.png]
[bengkeltop24jam.id/cogwheel.png]
[bengkeltop24jam.id/brakes.png]
[bengkeltop24jam.id/maintenance.png]
[bengkeltop24jam.id/customer-service.png]
[bengkeltop24jam.id/assets/img/1.jpg]
[bengkeltop24jam.id/assets/img/2.jpg]
[bengkeltop24jam.id/assets/img/3.jpg]
[bengkeltop24jam.id/assets/img/4.jpg]
[bengkeltop24jam.id/assets/img/9.jpg]
[bengkeltop24jam.id/assets/img/5.jpg]
[bengkeltop24jam.id/assets/img/6.jpg]
[bengkeltop24jam.id/assets/img/7.jpg]
[bengkeltop24jam.id/assets/img/8.jpg]
[bengkeltop24jam.id/assets/vendor/purecounter/purecounter_vanilla.js]
[bengkeltop24jam.id/assets/vendor/aos/aos.js]
[bengkeltop24jam.id/assets/vendor/bootstrap/js/bootstrap.bundle.min.js]
[bengkeltop24jam.id/assets/vendor/glightbox/js/glightbox.min.js]
[bengkeltop24jam.id/assets/vendor/isotope-layout/isotope.pkgd.min.js]
[bengkeltop24jam.id/assets/vendor/swiper/swiper-bundle.min.js]
[bengkeltop24jam.id/assets/vendor/php-email-form/validate.js]
[bengkeltop24jam.id/assets/js/main.js]
[bengkeltop24jam.id/index.html]
[bengkeltop24jam.id/assets/vendor/aos/aos.css]
[bengkeltop24jam.id/assets/vendor/bootstrap/css/bootstrap.min.css]
[bengkeltop24jam.id/assets/vendor/bootstrap-icons/fonts/bootstrap-icons0107.woff2]
[bengkeltop24jam.id/assets/vendor/bootstrap-icons/fonts/bootstrap-icons0107.woff]
[bengkeltop24jam.id/assets/vendor/bootstrap-icons/bootstrap-icons.css]
[bengkeltop24jam.id/assets/vendor/boxicons/fonts/boxicons.eot]
[bengkeltop24jam.id/assets/vendor/boxicons/fonts/boxicons.woff2]
[bengkeltop24jam.id/assets/vendor/boxicons/fonts/boxicons.woff]
[bengkeltop24jam.id/assets/vendor/boxicons/fonts/boxicons.ttf]
[bengkeltop24jam.id/assets/vendor/boxicons/css/boxicons.min.css]
[bengkeltop24jam.id/assets/vendor/glightbox/css/glightbox.min.css]
[bengkeltop24jam.id/assets/vendor/remixicon/remixicon117c.eot]
[bengkeltop24jam.id/assets/vendor/remixicon/remixicon117c.woff2]
[bengkeltop24jam.id/assets/vendor/remixicon/remixicon117c.woff]
[bengkeltop24jam.id/assets/vendor/remixicon/remixicon117c.ttf]
[bengkeltop24jam.id/assets/vendor/remixicon/remixicon.css]
[bengkeltop24jam.id/assets/vendor/swiper/swiper-bundle.min.css]
[bengkeltop24jam.id/assets/css/style.css]
[bengkeltop24jam.id/index-2.html]
[bengkeltop24jam.id/assets/vendor/boxicons/fonts/boxiconsd41d.svg]
[bengkeltop24jam.id/assets/vendor/remixicon/remixicon117c.svg]
[bengkeltop24jam.id/assets/img/hero-bg.html]
